This is pdfTeX, Version 3.14159265-2.6-1.40.18 (TeX Live 2017/Debian) (preloaded format=pdflatex 2020.10.21)  4 MAY 2021 13:11
entering extended mode
 restricted \write18 enabled.
 %&-line parsing enabled.
**BlindedManuscript.tex
(./BlindedManuscript.tex
LaTeX2e <2017-04-15>
Babel <3.18> and hyphenation patterns for 84 language(s) loaded.
(./svjour3.cls
Document Class: svjour3 2007/05/08 v3.2 
LaTeX document class for Springer journals
Class Springer-SVJour3 Info: extra/valid Springer sub-package (-> *.clo) 
(Springer-SVJour3)           not found in option list of \documentclass
(Springer-SVJour3)           - autoactivating "global" style.
(./svglov3.clo
File: svglov3.clo 2009/12/18 v3.2 style option for standardised journals

SVJour Class option: svglov3.clo for standardised journals
)
LaTeX Font Info:    Redeclaring math symbol \Gamma on input line 147.
LaTeX Font Info:    Redeclaring math symbol \Delta on input line 148.
LaTeX Font Info:    Redeclaring math symbol \Theta on input line 149.
LaTeX Font Info:    Redeclaring math symbol \Lambda on input line 150.
LaTeX Font Info:    Redeclaring math symbol \Xi on input line 151.
LaTeX Font Info:    Redeclaring math symbol \Pi on input line 152.
LaTeX Font Info:    Redeclaring math symbol \Sigma on input line 153.
LaTeX Font Info:    Redeclaring math symbol \Upsilon on input line 154.
LaTeX Font Info:    Redeclaring math symbol \Phi on input line 155.
LaTeX Font Info:    Redeclaring math symbol \Psi on input line 156.
LaTeX Font Info:    Redeclaring math symbol \Omega on input line 157.
\logodepth=\dimen102
\headerboxheight=\dimen103
\betweenumberspace=\dimen104
\aftertext=\dimen105
\headlineindent=\dimen106
\c@inst=\count79
\c@auth=\count80
\instindent=\dimen107
\authrun=\box26
\authorrunning=\toks14
\titrun=\box27
\titlerunning=\toks15
\combirun=\box28
\c@lastpage=\count81
\rubricwidth=\dimen108
\c@section=\count82
\c@subsection=\count83
\c@subsubsection=\count84
\c@paragraph=\count85
\c@subparagraph=\count86
\spthmsep=\dimen109
\c@theorem=\count87
\c@case=\count88
\c@conjecture=\count89
\c@corollary=\count90
\c@definition=\count91
\c@example=\count92
\c@exercise=\count93
\c@lemma=\count94
\c@note=\count95
\c@problem=\count96
\c@property=\count97
\c@proposition=\count98
\c@question=\count99
\c@solution=\count100
\c@remark=\count101
\c@figure=\count102
\c@table=\count103
\abovecaptionskip=\skip41
\belowcaptionskip=\skip42
\figcapgap=\dimen110
\tabcapgap=\dimen111
\figgap=\dimen112
\bibindent=\dimen113
\@tempcntc=\count104
) (/usr/share/texlive/texmf-dist/tex/latex/base/inputenc.sty
Package: inputenc 2015/03/17 v1.2c Input encoding file
\inpenc@prehook=\toks16
\inpenc@posthook=\toks17

(/usr/share/texlive/texmf-dist/tex/latex/base/utf8.def
File: utf8.def 2017/01/28 v1.1t UTF-8 support for inputenc
Now handling font encoding OML ...
... no UTF-8 mapping file for font encoding OML
Now handling font encoding T1 ...
... processing UTF-8 mapping file for font encoding T1

(/usr/share/texlive/texmf-dist/tex/latex/base/t1enc.dfu
File: t1enc.dfu 2017/01/28 v1.1t UTF-8 support for inputenc
   defining Unicode char U+00A0 (decimal 160)
   defining Unicode char U+00A1 (decimal 161)
   defining Unicode char U+00A3 (decimal 163)
   defining Unicode char U+00AB (decimal 171)
   defining Unicode char U+00AD (decimal 173)
   defining Unicode char U+00BB (decimal 187)
   defining Unicode char U+00BF (decimal 191)
   defining Unicode char U+00C0 (decimal 192)
   defining Unicode char U+00C1 (decimal 193)
   defining Unicode char U+00C2 (decimal 194)
   defining Unicode char U+00C3 (decimal 195)
   defining Unicode char U+00C4 (decimal 196)
   defining Unicode char U+00C5 (decimal 197)
   defining Unicode char U+00C6 (decimal 198)
   defining Unicode char U+00C7 (decimal 199)
   defining Unicode char U+00C8 (decimal 200)
   defining Unicode char U+00C9 (decimal 201)
   defining Unicode char U+00CA (decimal 202)
   defining Unicode char U+00CB (decimal 203)
   defining Unicode char U+00CC (decimal 204)
   defining Unicode char U+00CD (decimal 205)
   defining Unicode char U+00CE (decimal 206)
   defining Unicode char U+00CF (decimal 207)
   defining Unicode char U+00D0 (decimal 208)
   defining Unicode char U+00D1 (decimal 209)
   defining Unicode char U+00D2 (decimal 210)
   defining Unicode char U+00D3 (decimal 211)
   defining Unicode char U+00D4 (decimal 212)
   defining Unicode char U+00D5 (decimal 213)
   defining Unicode char U+00D6 (decimal 214)
   defining Unicode char U+00D8 (decimal 216)
   defining Unicode char U+00D9 (decimal 217)
   defining Unicode char U+00DA (decimal 218)
   defining Unicode char U+00DB (decimal 219)
   defining Unicode char U+00DC (decimal 220)
   defining Unicode char U+00DD (decimal 221)
   defining Unicode char U+00DE (decimal 222)
   defining Unicode char U+00DF (decimal 223)
   defining Unicode char U+00E0 (decimal 224)
   defining Unicode char U+00E1 (decimal 225)
   defining Unicode char U+00E2 (decimal 226)
   defining Unicode char U+00E3 (decimal 227)
   defining Unicode char U+00E4 (decimal 228)
   defining Unicode char U+00E5 (decimal 229)
   defining Unicode char U+00E6 (decimal 230)
   defining Unicode char U+00E7 (decimal 231)
   defining Unicode char U+00E8 (decimal 232)
   defining Unicode char U+00E9 (decimal 233)
   defining Unicode char U+00EA (decimal 234)
   defining Unicode char U+00EB (decimal 235)
   defining Unicode char U+00EC (decimal 236)
   defining Unicode char U+00ED (decimal 237)
   defining Unicode char U+00EE (decimal 238)
   defining Unicode char U+00EF (decimal 239)
   defining Unicode char U+00F0 (decimal 240)
   defining Unicode char U+00F1 (decimal 241)
   defining Unicode char U+00F2 (decimal 242)
   defining Unicode char U+00F3 (decimal 243)
   defining Unicode char U+00F4 (decimal 244)
   defining Unicode char U+00F5 (decimal 245)
   defining Unicode char U+00F6 (decimal 246)
   defining Unicode char U+00F8 (decimal 248)
   defining Unicode char U+00F9 (decimal 249)
   defining Unicode char U+00FA (decimal 250)
   defining Unicode char U+00FB (decimal 251)
   defining Unicode char U+00FC (decimal 252)
   defining Unicode char U+00FD (decimal 253)
   defining Unicode char U+00FE (decimal 254)
   defining Unicode char U+00FF (decimal 255)
   defining Unicode char U+0100 (decimal 256)
   defining Unicode char U+0101 (decimal 257)
   defining Unicode char U+0102 (decimal 258)
   defining Unicode char U+0103 (decimal 259)
   defining Unicode char U+0104 (decimal 260)
   defining Unicode char U+0105 (decimal 261)
   defining Unicode char U+0106 (decimal 262)
   defining Unicode char U+0107 (decimal 263)
   defining Unicode char U+0108 (decimal 264)
   defining Unicode char U+0109 (decimal 265)
   defining Unicode char U+010A (decimal 266)
   defining Unicode char U+010B (decimal 267)
   defining Unicode char U+010C (decimal 268)
   defining Unicode char U+010D (decimal 269)
   defining Unicode char U+010E (decimal 270)
   defining Unicode char U+010F (decimal 271)
   defining Unicode char U+0110 (decimal 272)
   defining Unicode char U+0111 (decimal 273)
   defining Unicode char U+0112 (decimal 274)
   defining Unicode char U+0113 (decimal 275)
   defining Unicode char U+0114 (decimal 276)
   defining Unicode char U+0115 (decimal 277)
   defining Unicode char U+0116 (decimal 278)
   defining Unicode char U+0117 (decimal 279)
   defining Unicode char U+0118 (decimal 280)
   defining Unicode char U+0119 (decimal 281)
   defining Unicode char U+011A (decimal 282)
   defining Unicode char U+011B (decimal 283)
   defining Unicode char U+011C (decimal 284)
   defining Unicode char U+011D (decimal 285)
   defining Unicode char U+011E (decimal 286)
   defining Unicode char U+011F (decimal 287)
   defining Unicode char U+0120 (decimal 288)
   defining Unicode char U+0121 (decimal 289)
   defining Unicode char U+0122 (decimal 290)
   defining Unicode char U+0123 (decimal 291)
   defining Unicode char U+0124 (decimal 292)
   defining Unicode char U+0125 (decimal 293)
   defining Unicode char U+0128 (decimal 296)
   defining Unicode char U+0129 (decimal 297)
   defining Unicode char U+012A (decimal 298)
   defining Unicode char U+012B (decimal 299)
   defining Unicode char U+012C (decimal 300)
   defining Unicode char U+012D (decimal 301)
   defining Unicode char U+012E (decimal 302)
   defining Unicode char U+012F (decimal 303)
   defining Unicode char U+0130 (decimal 304)
   defining Unicode char U+0131 (decimal 305)
   defining Unicode char U+0132 (decimal 306)
   defining Unicode char U+0133 (decimal 307)
   defining Unicode char U+0134 (decimal 308)
   defining Unicode char U+0135 (decimal 309)
   defining Unicode char U+0136 (decimal 310)
   defining Unicode char U+0137 (decimal 311)
   defining Unicode char U+0139 (decimal 313)
   defining Unicode char U+013A (decimal 314)
   defining Unicode char U+013B (decimal 315)
   defining Unicode char U+013C (decimal 316)
   defining Unicode char U+013D (decimal 317)
   defining Unicode char U+013E (decimal 318)
   defining Unicode char U+0141 (decimal 321)
   defining Unicode char U+0142 (decimal 322)
   defining Unicode char U+0143 (decimal 323)
   defining Unicode char U+0144 (decimal 324)
   defining Unicode char U+0145 (decimal 325)
   defining Unicode char U+0146 (decimal 326)
   defining Unicode char U+0147 (decimal 327)
   defining Unicode char U+0148 (decimal 328)
   defining Unicode char U+014A (decimal 330)
   defining Unicode char U+014B (decimal 331)
   defining Unicode char U+014C (decimal 332)
   defining Unicode char U+014D (decimal 333)
   defining Unicode char U+014E (decimal 334)
   defining Unicode char U+014F (decimal 335)
   defining Unicode char U+0150 (decimal 336)
   defining Unicode char U+0151 (decimal 337)
   defining Unicode char U+0152 (decimal 338)
   defining Unicode char U+0153 (decimal 339)
   defining Unicode char U+0154 (decimal 340)
   defining Unicode char U+0155 (decimal 341)
   defining Unicode char U+0156 (decimal 342)
   defining Unicode char U+0157 (decimal 343)
   defining Unicode char U+0158 (decimal 344)
   defining Unicode char U+0159 (decimal 345)
   defining Unicode char U+015A (decimal 346)
   defining Unicode char U+015B (decimal 347)
   defining Unicode char U+015C (decimal 348)
   defining Unicode char U+015D (decimal 349)
   defining Unicode char U+015E (decimal 350)
   defining Unicode char U+015F (decimal 351)
   defining Unicode char U+0160 (decimal 352)
   defining Unicode char U+0161 (decimal 353)
   defining Unicode char U+0162 (decimal 354)
   defining Unicode char U+0163 (decimal 355)
   defining Unicode char U+0164 (decimal 356)
   defining Unicode char U+0165 (decimal 357)
   defining Unicode char U+0168 (decimal 360)
   defining Unicode char U+0169 (decimal 361)
   defining Unicode char U+016A (decimal 362)
   defining Unicode char U+016B (decimal 363)
   defining Unicode char U+016C (decimal 364)
   defining Unicode char U+016D (decimal 365)
   defining Unicode char U+016E (decimal 366)
   defining Unicode char U+016F (decimal 367)
   defining Unicode char U+0170 (decimal 368)
   defining Unicode char U+0171 (decimal 369)
   defining Unicode char U+0172 (decimal 370)
   defining Unicode char U+0173 (decimal 371)
   defining Unicode char U+0174 (decimal 372)
   defining Unicode char U+0175 (decimal 373)
   defining Unicode char U+0176 (decimal 374)
   defining Unicode char U+0177 (decimal 375)
   defining Unicode char U+0178 (decimal 376)
   defining Unicode char U+0179 (decimal 377)
   defining Unicode char U+017A (decimal 378)
   defining Unicode char U+017B (decimal 379)
   defining Unicode char U+017C (decimal 380)
   defining Unicode char U+017D (decimal 381)
   defining Unicode char U+017E (decimal 382)
   defining Unicode char U+01CD (decimal 461)
   defining Unicode char U+01CE (decimal 462)
   defining Unicode char U+01CF (decimal 463)
   defining Unicode char U+01D0 (decimal 464)
   defining Unicode char U+01D1 (decimal 465)
   defining Unicode char U+01D2 (decimal 466)
   defining Unicode char U+01D3 (decimal 467)
   defining Unicode char U+01D4 (decimal 468)
   defining Unicode char U+01E2 (decimal 482)
   defining Unicode char U+01E3 (decimal 483)
   defining Unicode char U+01E6 (decimal 486)
   defining Unicode char U+01E7 (decimal 487)
   defining Unicode char U+01E8 (decimal 488)
   defining Unicode char U+01E9 (decimal 489)
   defining Unicode char U+01EA (decimal 490)
   defining Unicode char U+01EB (decimal 491)
   defining Unicode char U+01F0 (decimal 496)
   defining Unicode char U+01F4 (decimal 500)
   defining Unicode char U+01F5 (decimal 501)
   defining Unicode char U+0218 (decimal 536)
   defining Unicode char U+0219 (decimal 537)
   defining Unicode char U+021A (decimal 538)
   defining Unicode char U+021B (decimal 539)
   defining Unicode char U+0232 (decimal 562)
   defining Unicode char U+0233 (decimal 563)
   defining Unicode char U+1E02 (decimal 7682)
   defining Unicode char U+1E03 (decimal 7683)
   defining Unicode char U+200C (decimal 8204)
   defining Unicode char U+2010 (decimal 8208)
   defining Unicode char U+2011 (decimal 8209)
   defining Unicode char U+2012 (decimal 8210)
   defining Unicode char U+2013 (decimal 8211)
   defining Unicode char U+2014 (decimal 8212)
   defining Unicode char U+2015 (decimal 8213)
   defining Unicode char U+2018 (decimal 8216)
   defining Unicode char U+2019 (decimal 8217)
   defining Unicode char U+201A (decimal 8218)
   defining Unicode char U+201C (decimal 8220)
   defining Unicode char U+201D (decimal 8221)
   defining Unicode char U+201E (decimal 8222)
   defining Unicode char U+2030 (decimal 8240)
   defining Unicode char U+2031 (decimal 8241)
   defining Unicode char U+2039 (decimal 8249)
   defining Unicode char U+203A (decimal 8250)
   defining Unicode char U+2423 (decimal 9251)
   defining Unicode char U+1E20 (decimal 7712)
   defining Unicode char U+1E21 (decimal 7713)
)
Now handling font encoding OT1 ...
... processing UTF-8 mapping file for font encoding OT1

(/usr/share/texlive/texmf-dist/tex/latex/base/ot1enc.dfu
File: ot1enc.dfu 2017/01/28 v1.1t UTF-8 support for inputenc
   defining Unicode char U+00A0 (decimal 160)
   defining Unicode char U+00A1 (decimal 161)
   defining Unicode char U+00A3 (decimal 163)
   defining Unicode char U+00AD (decimal 173)
   defining Unicode char U+00B8 (decimal 184)
   defining Unicode char U+00BF (decimal 191)
   defining Unicode char U+00C5 (decimal 197)
   defining Unicode char U+00C6 (decimal 198)
   defining Unicode char U+00D8 (decimal 216)
   defining Unicode char U+00DF (decimal 223)
   defining Unicode char U+00E6 (decimal 230)
   defining Unicode char U+00EC (decimal 236)
   defining Unicode char U+00ED (decimal 237)
   defining Unicode char U+00EE (decimal 238)
   defining Unicode char U+00EF (decimal 239)
   defining Unicode char U+00F8 (decimal 248)
   defining Unicode char U+0131 (decimal 305)
   defining Unicode char U+0141 (decimal 321)
   defining Unicode char U+0142 (decimal 322)
   defining Unicode char U+0152 (decimal 338)
   defining Unicode char U+0153 (decimal 339)
   defining Unicode char U+0174 (decimal 372)
   defining Unicode char U+0175 (decimal 373)
   defining Unicode char U+0176 (decimal 374)
   defining Unicode char U+0177 (decimal 375)
   defining Unicode char U+0218 (decimal 536)
   defining Unicode char U+0219 (decimal 537)
   defining Unicode char U+021A (decimal 538)
   defining Unicode char U+021B (decimal 539)
   defining Unicode char U+2013 (decimal 8211)
   defining Unicode char U+2014 (decimal 8212)
   defining Unicode char U+2018 (decimal 8216)
   defining Unicode char U+2019 (decimal 8217)
   defining Unicode char U+201C (decimal 8220)
   defining Unicode char U+201D (decimal 8221)
)
Now handling font encoding OMS ...
... processing UTF-8 mapping file for font encoding OMS

(/usr/share/texlive/texmf-dist/tex/latex/base/omsenc.dfu
File: omsenc.dfu 2017/01/28 v1.1t UTF-8 support for inputenc
   defining Unicode char U+00A7 (decimal 167)
   defining Unicode char U+00B6 (decimal 182)
   defining Unicode char U+00B7 (decimal 183)
   defining Unicode char U+2020 (decimal 8224)
   defining Unicode char U+2021 (decimal 8225)
   defining Unicode char U+2022 (decimal 8226)
)
Now handling font encoding OMX ...
... no UTF-8 mapping file for font encoding OMX
Now handling font encoding U ...
... no UTF-8 mapping file for font encoding U
   defining Unicode char U+00A9 (decimal 169)
   defining Unicode char U+00AA (decimal 170)
   defining Unicode char U+00AE (decimal 174)
   defining Unicode char U+00BA (decimal 186)
   defining Unicode char U+02C6 (decimal 710)
   defining Unicode char U+02DC (decimal 732)
   defining Unicode char U+200C (decimal 8204)
   defining Unicode char U+2026 (decimal 8230)
   defining Unicode char U+2122 (decimal 8482)
   defining Unicode char U+2423 (decimal 9251)
))
(/usr/share/texlive/texmf-dist/tex/latex/amsfonts/amssymb.sty
Package: amssymb 2013/01/14 v3.01 AMS font symbols

(/usr/share/texlive/texmf-dist/tex/latex/amsfonts/amsfonts.sty
Package: amsfonts 2013/01/14 v3.01 Basic AMSFonts support
\@emptytoks=\toks18
\symAMSa=\mathgroup4
\symAMSb=\mathgroup5
LaTeX Font Info:    Overwriting math alphabet `\mathfrak' in version `bold'
(Font)                  U/euf/m/n --> U/euf/b/n on input line 106.
))
(/usr/share/texlive/texmf-dist/tex/latex/amsmath/amsmath.sty
Package: amsmath 2017/09/02 v2.17a AMS math features
\@mathmargin=\skip43

For additional information on amsmath, use the `?' option.
(/usr/share/texlive/texmf-dist/tex/latex/amsmath/amstext.sty
Package: amstext 2000/06/29 v2.01 AMS text

(/usr/share/texlive/texmf-dist/tex/latex/amsmath/amsgen.sty
File: amsgen.sty 1999/11/30 v2.0 generic functions
\@emptytoks=\toks19
\ex@=\dimen114
))
(/usr/share/texlive/texmf-dist/tex/latex/amsmath/amsbsy.sty
Package: amsbsy 1999/11/29 v1.2d Bold Symbols
\pmbraise@=\dimen115
)
(/usr/share/texlive/texmf-dist/tex/latex/amsmath/amsopn.sty
Package: amsopn 2016/03/08 v2.02 operator names
)
\inf@bad=\count105
LaTeX Info: Redefining \frac on input line 213.
\uproot@=\count106
\leftroot@=\count107
LaTeX Info: Redefining \overline on input line 375.
\classnum@=\count108
\DOTSCASE@=\count109
LaTeX Info: Redefining \ldots on input line 472.
LaTeX Info: Redefining \dots on input line 475.
LaTeX Info: Redefining \cdots on input line 596.
\Mathstrutbox@=\box29
\strutbox@=\box30
\big@size=\dimen116
LaTeX Font Info:    Redeclaring font encoding OML on input line 712.
LaTeX Font Info:    Redeclaring font encoding OMS on input line 713.


Package amsmath Warning: Unable to redefine math accent \vec.

\macc@depth=\count110
\c@MaxMatrixCols=\count111
\dotsspace@=\muskip10
\c@parentequation=\count112
\dspbrk@lvl=\count113
\tag@help=\toks20
\row@=\count114
\column@=\count115
\maxfields@=\count116
\andhelp@=\toks21
\eqnshift@=\dimen117
\alignsep@=\dimen118
\tagshift@=\dimen119
\tagwidth@=\dimen120
\totwidth@=\dimen121
\lineht@=\dimen122
\@envbody=\toks22
\multlinegap=\skip44
\multlinetaggap=\skip45
\mathdisplay@stack=\toks23
LaTeX Info: Redefining \[ on input line 2817.
LaTeX Info: Redefining \] on input line 2818.
) (/usr/share/texlive/texmf-dist/tex/latex/graphics/graphicx.sty
Package: graphicx 2017/06/01 v1.1a Enhanced LaTeX Graphics (DPC,SPQR)

(/usr/share/texlive/texmf-dist/tex/latex/graphics/keyval.sty
Package: keyval 2014/10/28 v1.15 key=value parser (DPC)
\KV@toks@=\toks24
)
(/usr/share/texlive/texmf-dist/tex/latex/graphics/graphics.sty
Package: graphics 2017/06/25 v1.2c Standard LaTeX Graphics (DPC,SPQR)

(/usr/share/texlive/texmf-dist/tex/latex/graphics/trig.sty
Package: trig 2016/01/03 v1.10 sin cos tan (DPC)
)
(/usr/share/texlive/texmf-dist/tex/latex/graphics-cfg/graphics.cfg
File: graphics.cfg 2016/06/04 v1.11 sample graphics configuration
)
Package graphics Info: Driver file: pdftex.def on input line 99.

(/usr/share/texlive/texmf-dist/tex/latex/graphics-def/pdftex.def
File: pdftex.def 2018/01/08 v1.0l Graphics/color driver for pdftex
))
\Gin@req@height=\dimen123
\Gin@req@width=\dimen124
)
(/usr/share/texlive/texmf-dist/tex/latex/caption/subcaption.sty
Package: subcaption 2016/05/22 v1.1-161 Sub-captions (AR)

(/usr/share/texlive/texmf-dist/tex/latex/caption/caption.sty
Package: caption 2016/02/21 v3.3-144 Customizing captions (AR)

(/usr/share/texlive/texmf-dist/tex/latex/caption/caption3.sty
Package: caption3 2016/05/22 v1.7-166 caption3 kernel (AR)
Package caption3 Info: TeX engine: e-TeX on input line 67.
\captionmargin=\dimen125
\captionmargin@=\dimen126
\captionwidth=\dimen127
\caption@tempdima=\dimen128
\caption@indent=\dimen129
\caption@parindent=\dimen130
\caption@hangindent=\dimen131
Package caption Info: Unknown document class (or package),
(caption)             standard defaults will be used.
)

Package caption Warning: Unsupported document class (or package) detected,
(caption)                usage of the caption package is not recommended.
See the caption package documentation for explanation.

Package caption Info: \@makecaption = \long macro:#1#2->\captionstyle \ifx \@ca
ptype \fig@type \vskip \figcapgap \fi \setbox \@tempboxa \hbox {{\floatlegendst
yle #1\floatcounterend }\capstrut #2}\ifdim \wd \@tempboxa >\hsize {\floatlegen
dstyle #1\floatcounterend }\capstrut #2\par \else \hbox to\hsize {\leftlegendgl
ue \unhbox \@tempboxa \hfil }\fi \ifx \@captype \fig@type \else \vskip \tabcapg
ap \fi .
\c@ContinuedFloat=\count117
)
\c@subfigure=\count118
\c@subtable=\count119
) (/usr/share/texlive/texmf-dist/tex/latex/hyperref/hyperref.sty
Package: hyperref 2018/02/06 v6.86b Hypertext links for LaTeX

(/usr/share/texlive/texmf-dist/tex/generic/oberdiek/hobsub-hyperref.sty
Package: hobsub-hyperref 2016/05/16 v1.14 Bundle oberdiek, subset hyperref (HO)


(/usr/share/texlive/texmf-dist/tex/generic/oberdiek/hobsub-generic.sty
Package: hobsub-generic 2016/05/16 v1.14 Bundle oberdiek, subset generic (HO)
Package: hobsub 2016/05/16 v1.14 Construct package bundles (HO)
Package: infwarerr 2016/05/16 v1.4 Providing info/warning/error messages (HO)
Package: ltxcmds 2016/05/16 v1.23 LaTeX kernel commands for general use (HO)
Package: ifluatex 2016/05/16 v1.4 Provides the ifluatex switch (HO)
Package ifluatex Info: LuaTeX not detected.
Package: ifvtex 2016/05/16 v1.6 Detect VTeX and its facilities (HO)
Package ifvtex Info: VTeX not detected.
Package: intcalc 2016/05/16 v1.2 Expandable calculations with integers (HO)
Package: ifpdf 2017/03/15 v3.2 Provides the ifpdf switch
Package: etexcmds 2016/05/16 v1.6 Avoid name clashes with e-TeX commands (HO)
Package etexcmds Info: Could not find \expanded.
(etexcmds)             That can mean that you are not using pdfTeX 1.50 or
(etexcmds)             that some package has redefined \expanded.
(etexcmds)             In the latter case, load this package earlier.
Package: kvsetkeys 2016/05/16 v1.17 Key value parser (HO)
Package: kvdefinekeys 2016/05/16 v1.4 Define keys (HO)
Package: pdftexcmds 2018/01/21 v0.26 Utility functions of pdfTeX for LuaTeX (HO
)
Package pdftexcmds Info: LuaTeX not detected.
Package pdftexcmds Info: \pdf@primitive is available.
Package pdftexcmds Info: \pdf@ifprimitive is available.
Package pdftexcmds Info: \pdfdraftmode found.
Package: pdfescape 2016/05/16 v1.14 Implements pdfTeX's escape features (HO)
Package: bigintcalc 2016/05/16 v1.4 Expandable calculations on big integers (HO
)
Package: bitset 2016/05/16 v1.2 Handle bit-vector datatype (HO)
Package: uniquecounter 2016/05/16 v1.3 Provide unlimited unique counter (HO)
)
Package hobsub Info: Skipping package `hobsub' (already loaded).
Package: letltxmacro 2016/05/16 v1.5 Let assignment for LaTeX macros (HO)
Package: hopatch 2016/05/16 v1.3 Wrapper for package hooks (HO)
Package: xcolor-patch 2016/05/16 xcolor patch
Package: atveryend 2016/05/16 v1.9 Hooks at the very end of document (HO)
Package atveryend Info: \enddocument detected (standard20110627).
Package: atbegshi 2016/06/09 v1.18 At begin shipout hook (HO)
Package: refcount 2016/05/16 v3.5 Data extraction from label references (HO)
Package: hycolor 2016/05/16 v1.8 Color options for hyperref/bookmark (HO)
)
(/usr/share/texlive/texmf-dist/tex/generic/ifxetex/ifxetex.sty
Package: ifxetex 2010/09/12 v0.6 Provides ifxetex conditional
)
(/usr/share/texlive/texmf-dist/tex/latex/oberdiek/auxhook.sty
Package: auxhook 2016/05/16 v1.4 Hooks for auxiliary files (HO)
)
(/usr/share/texlive/texmf-dist/tex/latex/oberdiek/kvoptions.sty
Package: kvoptions 2016/05/16 v3.12 Key value format for package options (HO)
)
\@linkdim=\dimen132
\Hy@linkcounter=\count120
\Hy@pagecounter=\count121

(/usr/share/texlive/texmf-dist/tex/latex/hyperref/pd1enc.def
File: pd1enc.def 2018/02/06 v6.86b Hyperref: PDFDocEncoding definition (HO)
Now handling font encoding PD1 ...
... no UTF-8 mapping file for font encoding PD1
)
\Hy@SavedSpaceFactor=\count122

(/usr/share/texlive/texmf-dist/tex/latex/latexconfig/hyperref.cfg
File: hyperref.cfg 2002/06/06 v1.2 hyperref configuration of TeXLive
)
Package hyperref Info: Hyper figures OFF on input line 4509.
Package hyperref Info: Link nesting OFF on input line 4514.
Package hyperref Info: Hyper index ON on input line 4517.
Package hyperref Info: Plain pages OFF on input line 4524.
Package hyperref Info: Backreferencing OFF on input line 4529.
Package hyperref Info: Implicit mode ON; LaTeX internals redefined.
Package hyperref Info: Bookmarks ON on input line 4762.
\c@Hy@tempcnt=\count123

(/usr/share/texlive/texmf-dist/tex/latex/url/url.sty
\Urlmuskip=\muskip11
Package: url 2013/09/16  ver 3.4  Verb mode for urls, etc.
)
LaTeX Info: Redefining \url on input line 5115.
\XeTeXLinkMargin=\dimen133
\Fld@menulength=\count124
\Field@Width=\dimen134
\Fld@charsize=\dimen135
Package hyperref Info: Hyper figures OFF on input line 6369.
Package hyperref Info: Link nesting OFF on input line 6374.
Package hyperref Info: Hyper index ON on input line 6377.
Package hyperref Info: backreferencing OFF on input line 6384.
Package hyperref Info: Link coloring OFF on input line 6389.
Package hyperref Info: Link coloring with OCG OFF on input line 6394.
Package hyperref Info: PDF/A mode OFF on input line 6399.
LaTeX Info: Redefining \ref on input line 6439.
LaTeX Info: Redefining \pageref on input line 6443.
\Hy@abspage=\count125
\c@Item=\count126
\c@Hfootnote=\count127
)
Package hyperref Info: Driver (autodetected): hpdftex.

(/usr/share/texlive/texmf-dist/tex/latex/hyperref/hpdftex.def
File: hpdftex.def 2018/02/06 v6.86b Hyperref driver for pdfTeX
\Fld@listcount=\count128
\c@bookmark@seq@number=\count129

(/usr/share/texlive/texmf-dist/tex/latex/oberdiek/rerunfilecheck.sty
Package: rerunfilecheck 2016/05/16 v1.8 Rerun checks for auxiliary files (HO)
Package uniquecounter Info: New unique counter `rerunfilecheck' on input line 2
82.
)
\Hy@SectionHShift=\skip46
)
(/usr/share/texlive/texmf-dist/tex/latex/fancyhdr/fancyhdr.sty
Package: fancyhdr 2017/06/30 v3.9a Extensive control of page headers and footer
s
\f@nch@headwidth=\skip47
\f@nch@O@elh=\skip48
\f@nch@O@erh=\skip49
\f@nch@O@olh=\skip50
\f@nch@O@orh=\skip51
\f@nch@O@elf=\skip52
\f@nch@O@erf=\skip53
\f@nch@O@olf=\skip54
\f@nch@O@orf=\skip55
)
(./BlindedManuscript.aux

LaTeX Warning: Label `eq:observer1' multiply defined.


LaTeX Warning: Label `eq:observer2' multiply defined.

)
\openout1 = `BlindedManuscript.aux'.

LaTeX Font Info:    Checking defaults for OML/cmm/m/it on input line 10.
LaTeX Font Info:    ... okay on input line 10.
LaTeX Font Info:    Checking defaults for T1/cmr/m/n on input line 10.
LaTeX Font Info:    ... okay on input line 10.
LaTeX Font Info:    Checking defaults for OT1/cmr/m/n on input line 10.
LaTeX Font Info:    ... okay on input line 10.
LaTeX Font Info:    Checking defaults for OMS/cmsy/m/n on input line 10.
LaTeX Font Info:    ... okay on input line 10.
LaTeX Font Info:    Checking defaults for OMX/cmex/m/n on input line 10.
LaTeX Font Info:    ... okay on input line 10.
LaTeX Font Info:    Checking defaults for U/cmr/m/n on input line 10.
LaTeX Font Info:    ... okay on input line 10.
LaTeX Font Info:    Checking defaults for PD1/pdf/m/n on input line 10.
LaTeX Font Info:    ... okay on input line 10.

Unknown journal: specify \journalname{<name of your journal>} in preambel

(/usr/share/texlive/texmf-dist/tex/context/base/mkii/supp-pdf.mkii
[Loading MPS to PDF converter (version 2006.09.02).]
\scratchcounter=\count130
\scratchdimen=\dimen136
\scratchbox=\box31
\nofMPsegments=\count131
\nofMParguments=\count132
\everyMPshowfont=\toks25
\MPscratchCnt=\count133
\MPscratchDim=\dimen137
\MPnumerator=\count134
\makeMPintoPDFobject=\count135
\everyMPtoPDFconversion=\toks26
) (/usr/share/texlive/texmf-dist/tex/latex/oberdiek/epstopdf-base.sty
Package: epstopdf-base 2016/05/15 v2.6 Base part for package epstopdf

(/usr/share/texlive/texmf-dist/tex/latex/oberdiek/grfext.sty
Package: grfext 2016/05/16 v1.2 Manage graphics extensions (HO)
)
Package epstopdf-base Info: Redefining graphics rule for `.eps' on input line 4
38.
Package grfext Info: Graphics extension search list:
(grfext)             [.pdf,.png,.jpg,.mps,.jpeg,.jbig2,.jb2,.PDF,.PNG,.JPG,.JPE
G,.JBIG2,.JB2,.eps]
(grfext)             \AppendGraphicsExtensions on input line 456.

(/usr/share/texlive/texmf-dist/tex/latex/latexconfig/epstopdf-sys.cfg
File: epstopdf-sys.cfg 2010/07/13 v1.3 Configuration of (r)epstopdf for TeX Liv
e
))
Package caption Info: Begin \AtBeginDocument code.
Package caption Info: hyperref package is loaded.
Package caption Info: End \AtBeginDocument code.
\AtBeginShipoutBox=\box32
Package hyperref Info: Link coloring OFF on input line 10.

(/usr/share/texlive/texmf-dist/tex/latex/hyperref/nameref.sty
Package: nameref 2016/05/21 v2.44 Cross-referencing by name of section

(/usr/share/texlive/texmf-dist/tex/generic/oberdiek/gettitlestring.sty
Package: gettitlestring 2016/05/16 v1.5 Cleanup title references (HO)
)
\c@section@level=\count136
)
LaTeX Info: Redefining \ref on input line 10.
LaTeX Info: Redefining \pageref on input line 10.
LaTeX Info: Redefining \nameref on input line 10.

(./BlindedManuscript.out) (./BlindedManuscript.out)
\@outlinefile=\write3
\openout3 = `BlindedManuscript.out'.


SVJour3 warning: Missing \journalname
SVJour3 warning: Missing \institute

LaTeX Font Warning: Font shape `OT1/cmr/bx/n' in size <13> not available
(Font)              size <12> substituted on input line 17.

LaTeX Font Info:    Try loading font information for U+msa on input line 17.
(/usr/share/texlive/texmf-dist/tex/latex/amsfonts/umsa.fd
File: umsa.fd 2013/01/14 v3.01 AMS symbols A
)
LaTeX Font Info:    Try loading font information for U+msb on input line 17.

(/usr/share/texlive/texmf-dist/tex/latex/amsfonts/umsb.fd
File: umsb.fd 2013/01/14 v3.01 AMS symbols B
) [1{/var/lib/texmf/fonts/map/pdftex/updmap/pdftex.map}] [2] [3]

pdfTeX warning: pdflatex (file ./Figures/full_system.pdf): PDF inclusion: found
 PDF version <1.7>, but at most version <1.5> allowed
<Figures/full_system.pdf, id=185, 424.4658pt x 178.7478pt>
File: Figures/full_system.pdf Graphic file (type pdf)
<use Figures/full_system.pdf>
Package pdftex.def Info: Figures/full_system.pdf  used on input line 64.
(pdftex.def)             Requested size: 236.59897pt x 99.63713pt.

Underfull \vbox (badness 7415) has occurred while \output is active []

 [4 <./Figures/full_system.pdf>]
<Figures/Justina.png, id=216, 645.41125pt x 1007.765pt>
File: Figures/Justina.png Graphic file (type png)
<use Figures/Justina.png>
Package pdftex.def Info: Figures/Justina.png  used on input line 75.
(pdftex.def)             Requested size: 135.19794pt x 211.0987pt.
 [5 <./Figures/Justina.png>] [6]
<Figures/fault_torques.pdf, id=255, 251.0178pt x 374.3586pt>
File: Figures/fault_torques.pdf Graphic file (type pdf)
<use Figures/fault_torques.pdf>
Package pdftex.def Info: Figures/fault_torques.pdf  used on input line 166.
(pdftex.def)             Requested size: 135.19794pt x 201.6251pt.
<Figures/RPY.pdf, id=256, 299.19778pt x 214.8828pt>
File: Figures/RPY.pdf Graphic file (type pdf)
<use Figures/RPY.pdf>
Package pdftex.def Info: Figures/RPY.pdf  used on input line 173.
(pdftex.def)             Requested size: 185.90103pt x 133.51448pt.
 [7 <./Figures/fault_torques.pdf

pdfTeX warning: pdflatex (file ./Figures/fault_torques.pdf): PDF inclusion: inv
alid other resource which is no dict (key 'ProcSets', type <array>); ignored.
> <./Figures/RPY.pdf

pdfTeX warning: pdflatex (file ./Figures/RPY.pdf): PDF inclusion: invalid other
 resource which is no dict (key 'ProcSets', type <array>); ignored.
>] [8] [9]
Package epstopdf Info: Source file: <Figures/q_quantized1.eps>
(epstopdf)                    date: 2021-05-04 11:15:10
(epstopdf)                    size: 36318 bytes
(epstopdf)             Output file: <Figures/q_quantized1-eps-converted-to.pdf>

(epstopdf)                    date: 2021-05-04 11:15:10
(epstopdf)                    size: 10423 bytes
(epstopdf)             Command: <repstopdf --outfile=Figures/q_quantized1-eps-c
onverted-to.pdf Figures/q_quantized1.eps>
(epstopdf)             \includegraphics on input line 258.
Package epstopdf Info: Output file is already uptodate.


pdfTeX warning: pdflatex (file ./Figures/q_quantized1-eps-converted-to.pdf): PD
F inclusion: found PDF version <1.7>, but at most version <1.5> allowed
<Figures/q_quantized1-eps-converted-to.pdf, id=332, 424.58624pt x 283.0575pt>
File: Figures/q_quantized1-eps-converted-to.pdf Graphic file (type pdf)
<use Figures/q_quantized1-eps-converted-to.pdf>
Package pdftex.def Info: Figures/q_quantized1-eps-converted-to.pdf  used on inp
ut line 258.
(pdftex.def)             Requested size: 135.19794pt x 90.13106pt.
Package epstopdf Info: Source file: <Figures/q_quantized2.eps>
(epstopdf)                    date: 2021-05-04 11:15:10
(epstopdf)                    size: 34618 bytes
(epstopdf)             Output file: <Figures/q_quantized2-eps-converted-to.pdf>

(epstopdf)                    date: 2021-05-04 11:15:10
(epstopdf)                    size: 6454 bytes
(epstopdf)             Command: <repstopdf --outfile=Figures/q_quantized2-eps-c
onverted-to.pdf Figures/q_quantized2.eps>
(epstopdf)             \includegraphics on input line 264.
Package epstopdf Info: Output file is already uptodate.


pdfTeX warning: pdflatex (file ./Figures/q_quantized2-eps-converted-to.pdf): PD
F inclusion: found PDF version <1.7>, but at most version <1.5> allowed
<Figures/q_quantized2-eps-converted-to.pdf, id=333, 433.62pt x 284.06125pt>
File: Figures/q_quantized2-eps-converted-to.pdf Graphic file (type pdf)
<use Figures/q_quantized2-eps-converted-to.pdf>
Package pdftex.def Info: Figures/q_quantized2-eps-converted-to.pdf  used on inp
ut line 264.
(pdftex.def)             Requested size: 135.19794pt x 88.56519pt.
Package epstopdf Info: Source file: <Figures/torque_quantized1.eps>
(epstopdf)                    date: 2021-05-04 11:15:10
(epstopdf)                    size: 33173 bytes
(epstopdf)             Output file: <Figures/torque_quantized1-eps-converted-to
.pdf>
(epstopdf)                    date: 2021-05-04 11:15:10
(epstopdf)                    size: 9006 bytes
(epstopdf)             Command: <repstopdf --outfile=Figures/torque_quantized1-
eps-converted-to.pdf Figures/torque_quantized1.eps>
(epstopdf)             \includegraphics on input line 270.
Package epstopdf Info: Output file is already uptodate.


pdfTeX warning: pdflatex (file ./Figures/torque_quantized1-eps-converted-to.pdf
): PDF inclusion: found PDF version <1.7>, but at most version <1.5> allowed
<Figures/torque_quantized1-eps-converted-to.pdf, id=334, 425.59pt x 262.9825pt>

File: Figures/torque_quantized1-eps-converted-to.pdf Graphic file (type pdf)
<use Figures/torque_quantized1-eps-converted-to.pdf>
Package pdftex.def Info: Figures/torque_quantized1-eps-converted-to.pdf  used o
n input line 270.
(pdftex.def)             Requested size: 135.19794pt x 83.54214pt.
Package epstopdf Info: Source file: <Figures/torque_quantized2.eps>
(epstopdf)                    date: 2021-05-04 11:15:10
(epstopdf)                    size: 32897 bytes
(epstopdf)             Output file: <Figures/torque_quantized2-eps-converted-to
.pdf>
(epstopdf)                    date: 2021-05-04 11:15:10
(epstopdf)                    size: 7529 bytes
(epstopdf)             Command: <repstopdf --outfile=Figures/torque_quantized2-
eps-converted-to.pdf Figures/torque_quantized2.eps>
(epstopdf)             \includegraphics on input line 276.
Package epstopdf Info: Output file is already uptodate.


pdfTeX warning: pdflatex (file ./Figures/torque_quantized2-eps-converted-to.pdf
): PDF inclusion: found PDF version <1.7>, but at most version <1.5> allowed
<Figures/torque_quantized2-eps-converted-to.pdf, id=335, 425.59pt x 262.9825pt>

File: Figures/torque_quantized2-eps-converted-to.pdf Graphic file (type pdf)
<use Figures/torque_quantized2-eps-converted-to.pdf>
Package pdftex.def Info: Figures/torque_quantized2-eps-converted-to.pdf  used o
n input line 276.
(pdftex.def)             Requested size: 135.19794pt x 83.54214pt.

LaTeX Warning: `!h' float specifier changed to `!ht'.

[10]
<Figures/MassEstimatorDiagram.jpg, id=351, 738.50906pt x 341.77687pt>
File: Figures/MassEstimatorDiagram.jpg Graphic file (type jpg)
<use Figures/MassEstimatorDiagram.jpg>
Package pdftex.def Info: Figures/MassEstimatorDiagram.jpg  used on input line 2
98.
(pdftex.def)             Requested size: 338.0pt x 156.42136pt.


LaTeX Warning: `!h' float specifier changed to `!ht'.

<Figures/rosgraph.png, id=353, 919.93687pt x 234.8775pt>
File: Figures/rosgraph.png Graphic file (type png)
<use Figures/rosgraph.png>
Package pdftex.def Info: Figures/rosgraph.png  used on input line 307.
(pdftex.def)             Requested size: 321.09897pt x 81.98256pt.

LaTeX Warning: `!h' float specifier changed to `!ht'.

[11 <./Figures/q_quantized1-eps-converted-to.pdf> <./Figures/q_quantized2-eps-c
onverted-to.pdf> <./Figures/torque_quantized1-eps-converted-to.pdf> <./Figures/
torque_quantized2-eps-converted-to.pdf>]
<Figures/test_poses.png, id=386, 514.17094pt x 370.38374pt>
File: Figures/test_poses.png Graphic file (type png)
<use Figures/test_poses.png>
Package pdftex.def Info: Figures/test_poses.png  used on input line 319.
(pdftex.def)             Requested size: 236.59897pt x 170.43509pt.


LaTeX Warning: `!h' float specifier changed to `!ht'.


Underfull \vbox (badness 6063) has occurred while \output is active []

 [12 <./Figures/MassEstimatorDiagram.jpg> <./Figures/rosgraph.png>]
Package epstopdf Info: Source file: <Figures/result_q1.eps>
(epstopdf)                    date: 2021-05-04 11:15:10
(epstopdf)                    size: 331352 bytes
(epstopdf)             Output file: <Figures/result_q1-eps-converted-to.pdf>
(epstopdf)                    date: 2021-05-04 11:15:10
(epstopdf)                    size: 99832 bytes
(epstopdf)             Command: <repstopdf --outfile=Figures/result_q1-eps-conv
erted-to.pdf Figures/result_q1.eps>
(epstopdf)             \includegraphics on input line 344.
Package epstopdf Info: Output file is already uptodate.


pdfTeX warning: pdflatex (file ./Figures/result_q1-eps-converted-to.pdf): PDF i
nclusion: found PDF version <1.7>, but at most version <1.5> allowed
<Figures/result_q1-eps-converted-to.pdf, id=395, 425.59pt x 319.1925pt>
File: Figures/result_q1-eps-converted-to.pdf Graphic file (type pdf)
<use Figures/result_q1-eps-converted-to.pdf>
Package pdftex.def Info: Figures/result_q1-eps-converted-to.pdf  used on input 
line 344.
(pdftex.def)             Requested size: 152.09897pt x 114.07635pt.
Package epstopdf Info: Source file: <Figures/result_q2.eps>
(epstopdf)                    date: 2021-05-04 11:15:10
(epstopdf)                    size: 335145 bytes
(epstopdf)             Output file: <Figures/result_q2-eps-converted-to.pdf>
(epstopdf)                    date: 2021-05-04 11:15:10
(epstopdf)                    size: 104067 bytes
(epstopdf)             Command: <repstopdf --outfile=Figures/result_q2-eps-conv
erted-to.pdf Figures/result_q2.eps>
(epstopdf)             \includegraphics on input line 345.
Package epstopdf Info: Output file is already uptodate.


pdfTeX warning: pdflatex (file ./Figures/result_q2-eps-converted-to.pdf): PDF i
nclusion: found PDF version <1.7>, but at most version <1.5> allowed
<Figures/result_q2-eps-converted-to.pdf, id=396, 425.59pt x 319.1925pt>
File: Figures/result_q2-eps-converted-to.pdf Graphic file (type pdf)
<use Figures/result_q2-eps-converted-to.pdf>
Package pdftex.def Info: Figures/result_q2-eps-converted-to.pdf  used on input 
line 345.
(pdftex.def)             Requested size: 152.09897pt x 114.07635pt.
Package epstopdf Info: Source file: <Figures/result_q3.eps>
(epstopdf)                    date: 2021-05-04 11:15:10
(epstopdf)                    size: 321966 bytes
(epstopdf)             Output file: <Figures/result_q3-eps-converted-to.pdf>
(epstopdf)                    date: 2021-05-04 11:15:10
(epstopdf)                    size: 93968 bytes
(epstopdf)             Command: <repstopdf --outfile=Figures/result_q3-eps-conv
erted-to.pdf Figures/result_q3.eps>
(epstopdf)             \includegraphics on input line 346.
Package epstopdf Info: Output file is already uptodate.


pdfTeX warning: pdflatex (file ./Figures/result_q3-eps-converted-to.pdf): PDF i
nclusion: found PDF version <1.7>, but at most version <1.5> allowed
<Figures/result_q3-eps-converted-to.pdf, id=397, 425.59pt x 319.1925pt>
File: Figures/result_q3-eps-converted-to.pdf Graphic file (type pdf)
<use Figures/result_q3-eps-converted-to.pdf>
Package pdftex.def Info: Figures/result_q3-eps-converted-to.pdf  used on input 
line 346.
(pdftex.def)             Requested size: 152.09897pt x 114.07635pt.
Package epstopdf Info: Source file: <Figures/result_q4.eps>
(epstopdf)                    date: 2021-05-04 11:15:10
(epstopdf)                    size: 330557 bytes
(epstopdf)             Output file: <Figures/result_q4-eps-converted-to.pdf>
(epstopdf)                    date: 2021-05-04 11:15:10
(epstopdf)                    size: 92314 bytes
(epstopdf)             Command: <repstopdf --outfile=Figures/result_q4-eps-conv
erted-to.pdf Figures/result_q4.eps>
(epstopdf)             \includegraphics on input line 347.
Package epstopdf Info: Output file is already uptodate.


pdfTeX warning: pdflatex (file ./Figures/result_q4-eps-converted-to.pdf): PDF i
nclusion: found PDF version <1.7>, but at most version <1.5> allowed
<Figures/result_q4-eps-converted-to.pdf, id=398, 425.59pt x 319.1925pt>
File: Figures/result_q4-eps-converted-to.pdf Graphic file (type pdf)
<use Figures/result_q4-eps-converted-to.pdf>
Package pdftex.def Info: Figures/result_q4-eps-converted-to.pdf  used on input 
line 347.
(pdftex.def)             Requested size: 152.09897pt x 114.07635pt.
Package epstopdf Info: Source file: <Figures/result_q5.eps>
(epstopdf)                    date: 2021-05-04 11:15:10
(epstopdf)                    size: 304848 bytes
(epstopdf)             Output file: <Figures/result_q5-eps-converted-to.pdf>
(epstopdf)                    date: 2021-05-04 11:15:10
(epstopdf)                    size: 94997 bytes
(epstopdf)             Command: <repstopdf --outfile=Figures/result_q5-eps-conv
erted-to.pdf Figures/result_q5.eps>
(epstopdf)             \includegraphics on input line 348.
Package epstopdf Info: Output file is already uptodate.


pdfTeX warning: pdflatex (file ./Figures/result_q5-eps-converted-to.pdf): PDF i
nclusion: found PDF version <1.7>, but at most version <1.5> allowed
<Figures/result_q5-eps-converted-to.pdf, id=399, 425.59pt x 319.1925pt>
File: Figures/result_q5-eps-converted-to.pdf Graphic file (type pdf)
<use Figures/result_q5-eps-converted-to.pdf>
Package pdftex.def Info: Figures/result_q5-eps-converted-to.pdf  used on input 
line 348.
(pdftex.def)             Requested size: 152.09897pt x 114.07635pt.
Package epstopdf Info: Source file: <Figures/result_q6.eps>
(epstopdf)                    date: 2021-05-04 11:15:10
(epstopdf)                    size: 329005 bytes
(epstopdf)             Output file: <Figures/result_q6-eps-converted-to.pdf>
(epstopdf)                    date: 2021-05-04 11:15:10
(epstopdf)                    size: 92823 bytes
(epstopdf)             Command: <repstopdf --outfile=Figures/result_q6-eps-conv
erted-to.pdf Figures/result_q6.eps>
(epstopdf)             \includegraphics on input line 349.
Package epstopdf Info: Output file is already uptodate.


pdfTeX warning: pdflatex (file ./Figures/result_q6-eps-converted-to.pdf): PDF i
nclusion: found PDF version <1.7>, but at most version <1.5> allowed
<Figures/result_q6-eps-converted-to.pdf, id=400, 425.59pt x 319.1925pt>
File: Figures/result_q6-eps-converted-to.pdf Graphic file (type pdf)
<use Figures/result_q6-eps-converted-to.pdf>
Package pdftex.def Info: Figures/result_q6-eps-converted-to.pdf  used on input 
line 349.
(pdftex.def)             Requested size: 152.09897pt x 114.07635pt.
Package epstopdf Info: Source file: <Figures/result_q7.eps>
(epstopdf)                    date: 2021-05-04 11:15:10
(epstopdf)                    size: 335222 bytes
(epstopdf)             Output file: <Figures/result_q7-eps-converted-to.pdf>
(epstopdf)                    date: 2021-05-04 11:15:10
(epstopdf)                    size: 104256 bytes
(epstopdf)             Command: <repstopdf --outfile=Figures/result_q7-eps-conv
erted-to.pdf Figures/result_q7.eps>
(epstopdf)             \includegraphics on input line 350.
Package epstopdf Info: Output file is already uptodate.


pdfTeX warning: pdflatex (file ./Figures/result_q7-eps-converted-to.pdf): PDF i
nclusion: found PDF version <1.7>, but at most version <1.5> allowed
<Figures/result_q7-eps-converted-to.pdf, id=401, 425.59pt x 319.1925pt>
File: Figures/result_q7-eps-converted-to.pdf Graphic file (type pdf)
<use Figures/result_q7-eps-converted-to.pdf>
Package pdftex.def Info: Figures/result_q7-eps-converted-to.pdf  used on input 
line 350.
(pdftex.def)             Requested size: 152.09897pt x 114.07635pt.
Package epstopdf Info: Source file: <Figures/result_qp1.eps>
(epstopdf)                    date: 2021-05-04 11:15:10
(epstopdf)                    size: 379101 bytes
(epstopdf)             Output file: <Figures/result_qp1-eps-converted-to.pdf>
(epstopdf)                    date: 2021-05-04 11:15:10
(epstopdf)                    size: 130389 bytes
(epstopdf)             Command: <repstopdf --outfile=Figures/result_qp1-eps-con
verted-to.pdf Figures/result_qp1.eps>
(epstopdf)             \includegraphics on input line 358.
Package epstopdf Info: Output file is already uptodate.


pdfTeX warning: pdflatex (file ./Figures/result_qp1-eps-converted-to.pdf): PDF 
inclusion: found PDF version <1.7>, but at most version <1.5> allowed
<Figures/result_qp1-eps-converted-to.pdf, id=403, 425.59pt x 319.1925pt>
File: Figures/result_qp1-eps-converted-to.pdf Graphic file (type pdf)
<use Figures/result_qp1-eps-converted-to.pdf>
Package pdftex.def Info: Figures/result_qp1-eps-converted-to.pdf  used on input
 line 358.
(pdftex.def)             Requested size: 152.09897pt x 114.07635pt.
Package epstopdf Info: Source file: <Figures/result_qp2.eps>
(epstopdf)                    date: 2021-05-04 11:15:10
(epstopdf)                    size: 382366 bytes
(epstopdf)             Output file: <Figures/result_qp2-eps-converted-to.pdf>
(epstopdf)                    date: 2021-05-04 11:15:10
(epstopdf)                    size: 124598 bytes
(epstopdf)             Command: <repstopdf --outfile=Figures/result_qp2-eps-con
verted-to.pdf Figures/result_qp2.eps>
(epstopdf)             \includegraphics on input line 359.
Package epstopdf Info: Output file is already uptodate.


pdfTeX warning: pdflatex (file ./Figures/result_qp2-eps-converted-to.pdf): PDF 
inclusion: found PDF version <1.7>, but at most version <1.5> allowed
<Figures/result_qp2-eps-converted-to.pdf, id=404, 425.59pt x 319.1925pt>
File: Figures/result_qp2-eps-converted-to.pdf Graphic file (type pdf)
<use Figures/result_qp2-eps-converted-to.pdf>
Package pdftex.def Info: Figures/result_qp2-eps-converted-to.pdf  used on input
 line 359.
(pdftex.def)             Requested size: 152.09897pt x 114.07635pt.
Package epstopdf Info: Source file: <Figures/result_qp3.eps>
(epstopdf)                    date: 2021-05-04 11:15:10
(epstopdf)                    size: 383844 bytes
(epstopdf)             Output file: <Figures/result_qp3-eps-converted-to.pdf>
(epstopdf)                    date: 2021-05-04 11:15:10
(epstopdf)                    size: 130446 bytes
(epstopdf)             Command: <repstopdf --outfile=Figures/result_qp3-eps-con
verted-to.pdf Figures/result_qp3.eps>
(epstopdf)             \includegraphics on input line 360.
Package epstopdf Info: Output file is already uptodate.


pdfTeX warning: pdflatex (file ./Figures/result_qp3-eps-converted-to.pdf): PDF 
inclusion: found PDF version <1.7>, but at most version <1.5> allowed
<Figures/result_qp3-eps-converted-to.pdf, id=405, 425.59pt x 319.1925pt>
File: Figures/result_qp3-eps-converted-to.pdf Graphic file (type pdf)
<use Figures/result_qp3-eps-converted-to.pdf>
Package pdftex.def Info: Figures/result_qp3-eps-converted-to.pdf  used on input
 line 360.
(pdftex.def)             Requested size: 152.09897pt x 114.07635pt.
Package epstopdf Info: Source file: <Figures/result_qp4.eps>
(epstopdf)                    date: 2021-05-04 11:15:10
(epstopdf)                    size: 382388 bytes
(epstopdf)             Output file: <Figures/result_qp4-eps-converted-to.pdf>
(epstopdf)                    date: 2021-05-04 11:15:10
(epstopdf)                    size: 127978 bytes
(epstopdf)             Command: <repstopdf --outfile=Figures/result_qp4-eps-con
verted-to.pdf Figures/result_qp4.eps>
(epstopdf)             \includegraphics on input line 361.
Package epstopdf Info: Output file is already uptodate.


pdfTeX warning: pdflatex (file ./Figures/result_qp4-eps-converted-to.pdf): PDF 
inclusion: found PDF version <1.7>, but at most version <1.5> allowed
<Figures/result_qp4-eps-converted-to.pdf, id=406, 425.59pt x 319.1925pt>
File: Figures/result_qp4-eps-converted-to.pdf Graphic file (type pdf)
<use Figures/result_qp4-eps-converted-to.pdf>
Package pdftex.def Info: Figures/result_qp4-eps-converted-to.pdf  used on input
 line 361.
(pdftex.def)             Requested size: 152.09897pt x 114.07635pt.
Package epstopdf Info: Source file: <Figures/result_qp5.eps>
(epstopdf)                    date: 2021-05-04 11:15:10
(epstopdf)                    size: 374577 bytes
(epstopdf)             Output file: <Figures/result_qp5-eps-converted-to.pdf>
(epstopdf)                    date: 2021-05-04 11:15:10
(epstopdf)                    size: 109247 bytes
(epstopdf)             Command: <repstopdf --outfile=Figures/result_qp5-eps-con
verted-to.pdf Figures/result_qp5.eps>
(epstopdf)             \includegraphics on input line 362.
Package epstopdf Info: Output file is already uptodate.


pdfTeX warning: pdflatex (file ./Figures/result_qp5-eps-converted-to.pdf): PDF 
inclusion: found PDF version <1.7>, but at most version <1.5> allowed
<Figures/result_qp5-eps-converted-to.pdf, id=407, 425.59pt x 319.1925pt>
File: Figures/result_qp5-eps-converted-to.pdf Graphic file (type pdf)
<use Figures/result_qp5-eps-converted-to.pdf>
Package pdftex.def Info: Figures/result_qp5-eps-converted-to.pdf  used on input
 line 362.
(pdftex.def)             Requested size: 152.09897pt x 114.07635pt.
Package epstopdf Info: Source file: <Figures/result_qp6.eps>
(epstopdf)                    date: 2021-05-04 11:15:10
(epstopdf)                    size: 383348 bytes
(epstopdf)             Output file: <Figures/result_qp6-eps-converted-to.pdf>
(epstopdf)                    date: 2021-05-04 11:15:10
(epstopdf)                    size: 128650 bytes
(epstopdf)             Command: <repstopdf --outfile=Figures/result_qp6-eps-con
verted-to.pdf Figures/result_qp6.eps>
(epstopdf)             \includegraphics on input line 363.
Package epstopdf Info: Output file is already uptodate.


pdfTeX warning: pdflatex (file ./Figures/result_qp6-eps-converted-to.pdf): PDF 
inclusion: found PDF version <1.7>, but at most version <1.5> allowed
<Figures/result_qp6-eps-converted-to.pdf, id=408, 425.59pt x 319.1925pt>
File: Figures/result_qp6-eps-converted-to.pdf Graphic file (type pdf)
<use Figures/result_qp6-eps-converted-to.pdf>
Package pdftex.def Info: Figures/result_qp6-eps-converted-to.pdf  used on input
 line 363.
(pdftex.def)             Requested size: 152.09897pt x 114.07635pt.
Package epstopdf Info: Source file: <Figures/result_qp7.eps>
(epstopdf)                    date: 2021-05-04 11:15:10
(epstopdf)                    size: 373652 bytes
(epstopdf)             Output file: <Figures/result_qp7-eps-converted-to.pdf>
(epstopdf)                    date: 2021-05-04 11:15:10
(epstopdf)                    size: 124581 bytes
(epstopdf)             Command: <repstopdf --outfile=Figures/result_qp7-eps-con
verted-to.pdf Figures/result_qp7.eps>
(epstopdf)             \includegraphics on input line 364.
Package epstopdf Info: Output file is already uptodate.


pdfTeX warning: pdflatex (file ./Figures/result_qp7-eps-converted-to.pdf): PDF 
inclusion: found PDF version <1.7>, but at most version <1.5> allowed
<Figures/result_qp7-eps-converted-to.pdf, id=409, 425.59pt x 319.1925pt>
File: Figures/result_qp7-eps-converted-to.pdf Graphic file (type pdf)
<use Figures/result_qp7-eps-converted-to.pdf>
Package pdftex.def Info: Figures/result_qp7-eps-converted-to.pdf  used on input
 line 364.
(pdftex.def)             Requested size: 152.09897pt x 114.07635pt.
[13 <./Figures/test_poses.png>] [14 <./Figures/result_q1-eps-converted-to.pdf> 
<./Figures/result_q2-eps-converted-to.pdf> <./Figures/result_q3-eps-converted-t
o.pdf> <./Figures/result_q4-eps-converted-to.pdf> <./Figures/result_q5-eps-conv
erted-to.pdf> <./Figures/result_q6-eps-converted-to.pdf> <./Figures/result_q7-e
ps-converted-to.pdf>]
Package epstopdf Info: Source file: <Figures/result_mass.eps>
(epstopdf)                    date: 2021-05-04 11:15:10
(epstopdf)                    size: 170967 bytes
(epstopdf)             Output file: <Figures/result_mass-eps-converted-to.pdf>
(epstopdf)                    date: 2021-05-04 11:15:10
(epstopdf)                    size: 34132 bytes
(epstopdf)             Command: <repstopdf --outfile=Figures/result_mass-eps-co
nverted-to.pdf Figures/result_mass.eps>
(epstopdf)             \includegraphics on input line 372.
Package epstopdf Info: Output file is already uptodate.


pdfTeX warning: pdflatex (file ./Figures/result_mass-eps-converted-to.pdf): PDF
 inclusion: found PDF version <1.7>, but at most version <1.5> allowed
<Figures/result_mass-eps-converted-to.pdf, id=468, 425.59pt x 287.0725pt>
File: Figures/result_mass-eps-converted-to.pdf Graphic file (type pdf)
<use Figures/result_mass-eps-converted-to.pdf>
Package pdftex.def Info: Figures/result_mass-eps-converted-to.pdf  used on inpu
t line 372.
(pdftex.def)             Requested size: 169.0pt x 113.99469pt.
Package epstopdf Info: Source file: <Figures/param_error2.eps>
(epstopdf)                    date: 2021-05-04 11:15:10
(epstopdf)                    size: 188013 bytes
(epstopdf)             Output file: <Figures/param_error2-eps-converted-to.pdf>

(epstopdf)                    date: 2021-05-04 11:15:10
(epstopdf)                    size: 34147 bytes
(epstopdf)             Command: <repstopdf --outfile=Figures/param_error2-eps-c
onverted-to.pdf Figures/param_error2.eps>
(epstopdf)             \includegraphics on input line 385.
Package epstopdf Info: Output file is already uptodate.


pdfTeX warning: pdflatex (file ./Figures/param_error2-eps-converted-to.pdf): PD
F inclusion: found PDF version <1.7>, but at most version <1.5> allowed
<Figures/param_error2-eps-converted-to.pdf, id=473, 433.62pt x 287.0725pt>
File: Figures/param_error2-eps-converted-to.pdf Graphic file (type pdf)
<use Figures/param_error2-eps-converted-to.pdf>
Package pdftex.def Info: Figures/param_error2-eps-converted-to.pdf  used on inp
ut line 385.
(pdftex.def)             Requested size: 101.40103pt x 67.12914pt.
Package epstopdf Info: Source file: <Figures/param_error3.eps>
(epstopdf)                    date: 2021-05-04 11:15:10
(epstopdf)                    size: 191126 bytes
(epstopdf)             Output file: <Figures/param_error3-eps-converted-to.pdf>

(epstopdf)                    date: 2021-05-04 11:15:10
(epstopdf)                    size: 34514 bytes
(epstopdf)             Command: <repstopdf --outfile=Figures/param_error3-eps-c
onverted-to.pdf Figures/param_error3.eps>
(epstopdf)             \includegraphics on input line 391.
Package epstopdf Info: Output file is already uptodate.


pdfTeX warning: pdflatex (file ./Figures/param_error3-eps-converted-to.pdf): PD
F inclusion: found PDF version <1.7>, but at most version <1.5> allowed
<Figures/param_error3-eps-converted-to.pdf, id=474, 433.62pt x 287.0725pt>
File: Figures/param_error3-eps-converted-to.pdf Graphic file (type pdf)
<use Figures/param_error3-eps-converted-to.pdf>
Package pdftex.def Info: Figures/param_error3-eps-converted-to.pdf  used on inp
ut line 391.
(pdftex.def)             Requested size: 101.40103pt x 67.12914pt.
Package epstopdf Info: Source file: <Figures/param_error1.eps>
(epstopdf)                    date: 2021-05-04 11:15:10
(epstopdf)                    size: 190866 bytes
(epstopdf)             Output file: <Figures/param_error1-eps-converted-to.pdf>

(epstopdf)                    date: 2021-05-04 11:15:10
(epstopdf)                    size: 33053 bytes
(epstopdf)             Command: <repstopdf --outfile=Figures/param_error1-eps-c
onverted-to.pdf Figures/param_error1.eps>
(epstopdf)             \includegraphics on input line 397.
Package epstopdf Info: Output file is already uptodate.


pdfTeX warning: pdflatex (file ./Figures/param_error1-eps-converted-to.pdf): PD
F inclusion: found PDF version <1.7>, but at most version <1.5> allowed
<Figures/param_error1-eps-converted-to.pdf, id=475, 425.59pt x 287.0725pt>
File: Figures/param_error1-eps-converted-to.pdf Graphic file (type pdf)
<use Figures/param_error1-eps-converted-to.pdf>
Package pdftex.def Info: Figures/param_error1-eps-converted-to.pdf  used on inp
ut line 397.
(pdftex.def)             Requested size: 101.40103pt x 68.39505pt.
<Figures/obj_position1.png, id=476, 662.475pt x 402.00188pt>
File: Figures/obj_position1.png Graphic file (type png)
<use Figures/obj_position1.png>
Package pdftex.def Info: Figures/obj_position1.png  used on input line 409.
(pdftex.def)             Requested size: 108.16248pt x 65.6343pt.
Package epstopdf Info: Source file: <Figures/obj_position1.eps>
(epstopdf)                    date: 2021-05-04 11:15:10
(epstopdf)                    size: 185263 bytes
(epstopdf)             Output file: <Figures/obj_position1-eps-converted-to.pdf
>
(epstopdf)                    date: 2021-05-04 11:15:10
(epstopdf)                    size: 32715 bytes
(epstopdf)             Command: <repstopdf --outfile=Figures/obj_position1-eps-
converted-to.pdf Figures/obj_position1.eps>
(epstopdf)             \includegraphics on input line 410.
Package epstopdf Info: Output file is already uptodate.


pdfTeX warning: pdflatex (file ./Figures/obj_position1-eps-converted-to.pdf): P
DF inclusion: found PDF version <1.7>, but at most version <1.5> allowed
<Figures/obj_position1-eps-converted-to.pdf, id=477, 425.59pt x 287.0725pt>
File: Figures/obj_position1-eps-converted-to.pdf Graphic file (type pdf)
<use Figures/obj_position1-eps-converted-to.pdf>
Package pdftex.def Info: Figures/obj_position1-eps-converted-to.pdf  used on in
put line 410.
(pdftex.def)             Requested size: 108.16248pt x 72.95502pt.
<Figures/obj_position2.png, id=478, 662.475pt x 402.00188pt>
File: Figures/obj_position2.png Graphic file (type png)
<use Figures/obj_position2.png>
Package pdftex.def Info: Figures/obj_position2.png  used on input line 416.
(pdftex.def)             Requested size: 108.16248pt x 65.6343pt.
Package epstopdf Info: Source file: <Figures/obj_position3.eps>
(epstopdf)                    date: 2021-05-04 11:15:10
(epstopdf)                    size: 190285 bytes
(epstopdf)             Output file: <Figures/obj_position3-eps-converted-to.pdf
>
(epstopdf)                    date: 2021-05-04 11:15:10
(epstopdf)                    size: 32531 bytes
(epstopdf)             Command: <repstopdf --outfile=Figures/obj_position3-eps-
converted-to.pdf Figures/obj_position3.eps>
(epstopdf)             \includegraphics on input line 417.
Package epstopdf Info: Output file is already uptodate.


pdfTeX warning: pdflatex (file ./Figures/obj_position3-eps-converted-to.pdf): P
DF inclusion: found PDF version <1.7>, but at most version <1.5> allowed
<Figures/obj_position3-eps-converted-to.pdf, id=479, 425.59pt x 288.07625pt>
File: Figures/obj_position3-eps-converted-to.pdf Graphic file (type pdf)
<use Figures/obj_position3-eps-converted-to.pdf>
Package pdftex.def Info: Figures/obj_position3-eps-converted-to.pdf  used on in
put line 417.
(pdftex.def)             Requested size: 108.16248pt x 73.2101pt.
<Figures/obj_position3.png, id=480, 662.475pt x 402.00188pt>
File: Figures/obj_position3.png Graphic file (type png)
<use Figures/obj_position3.png>
Package pdftex.def Info: Figures/obj_position3.png  used on input line 423.
(pdftex.def)             Requested size: 108.16248pt x 65.6343pt.
Package epstopdf Info: Source file: <Figures/obj_position2.eps>
(epstopdf)                    date: 2021-05-04 11:15:10
(epstopdf)                    size: 169643 bytes
(epstopdf)             Output file: <Figures/obj_position2-eps-converted-to.pdf
>
(epstopdf)                    date: 2021-05-04 11:15:10
(epstopdf)                    size: 32920 bytes
(epstopdf)             Command: <repstopdf --outfile=Figures/obj_position2-eps-
converted-to.pdf Figures/obj_position2.eps>
(epstopdf)             \includegraphics on input line 424.
Package epstopdf Info: Output file is already uptodate.


pdfTeX warning: pdflatex (file ./Figures/obj_position2-eps-converted-to.pdf): P
DF inclusion: found PDF version <1.7>, but at most version <1.5> allowed
<Figures/obj_position2-eps-converted-to.pdf, id=481, 425.59pt x 287.0725pt>
File: Figures/obj_position2-eps-converted-to.pdf Graphic file (type pdf)
<use Figures/obj_position2-eps-converted-to.pdf>
Package pdftex.def Info: Figures/obj_position2-eps-converted-to.pdf  used on in
put line 424.
(pdftex.def)             Requested size: 108.16248pt x 72.95502pt.

LaTeX Warning: `!h' float specifier changed to `!ht'.


Underfull \vbox (badness 1303) has occurred while \output is active []

 [15]
[16 <./Figures/result_qp1-eps-converted-to.pdf> <./Figures/result_qp2-eps-conve
rted-to.pdf> <./Figures/result_qp3-eps-converted-to.pdf> <./Figures/result_qp4-
eps-converted-to.pdf> <./Figures/result_qp5-eps-converted-to.pdf> <./Figures/re
sult_qp6-eps-converted-to.pdf> <./Figures/result_qp7-eps-converted-to.pdf>]
[17 <./Figures/result_mass-eps-converted-to.pdf> <./Figures/param_error2-eps-co
nverted-to.pdf> <./Figures/param_error3-eps-converted-to.pdf> <./Figures/param_
error1-eps-converted-to.pdf> <./Figures/obj_position1.png (PNG copy)> <./Figure
s/obj_position1-eps-converted-to.pdf> <./Figures/obj_position2.png (PNG copy)> 
<./Figures/obj_position3-eps-converted-to.pdf> <./Figures/obj_position3.png (PN
G copy)> <./Figures/obj_position2-eps-converted-to.pdf>]
<Figures/KatanaMechanics.png, id=576, 682.80093pt x 278.54062pt>
File: Figures/KatanaMechanics.png Graphic file (type png)
<use Figures/KatanaMechanics.png>
Package pdftex.def Info: Figures/KatanaMechanics.png  used on input line 454.
(pdftex.def)             Requested size: 219.69794pt x 89.61934pt.

Overfull \hbox (24.0929pt too wide) in paragraph at lines 462--463
\OT1/cmr/m/n/10 Eu-ler An-gles of the ro-ta-tion from \OT1/cmtt/m/n/10 katana[]
base[]frame \OT1/cmr/m/n/10 to \OT1/cmtt/m/n/10 katana[]motor4[]lift[]link\OT1/
cmr/m/n/10 .
 []

<Figures/katana_joints.png, id=583, 469.00218pt x 233.37187pt>
File: Figures/katana_joints.png Graphic file (type png)
<use Figures/katana_joints.png>
Package pdftex.def Info: Figures/katana_joints.png  used on input line 466.
(pdftex.def)             Requested size: 236.59897pt x 117.729pt.
[18 <./Figures/KatanaMechanics.png>]
Package epstopdf Info: Source file: <Figures/katana_mass_est.eps>
(epstopdf)                    date: 2021-05-04 11:15:10
(epstopdf)                    size: 253452 bytes
(epstopdf)             Output file: <Figures/katana_mass_est-eps-converted-to.p
df>
(epstopdf)                    date: 2021-05-04 11:15:10
(epstopdf)                    size: 71517 bytes
(epstopdf)             Command: <repstopdf --outfile=Figures/katana_mass_est-ep
s-converted-to.pdf Figures/katana_mass_est.eps>
(epstopdf)             \includegraphics on input line 476.
Package epstopdf Info: Output file is already uptodate.


pdfTeX warning: pdflatex (file ./Figures/katana_mass_est-eps-converted-to.pdf):
 PDF inclusion: found PDF version <1.7>, but at most version <1.5> allowed
<Figures/katana_mass_est-eps-converted-to.pdf, id=596, 433.62pt x 319.1925pt>
File: Figures/katana_mass_est-eps-converted-to.pdf Graphic file (type pdf)
<use Figures/katana_mass_est-eps-converted-to.pdf>
Package pdftex.def Info: Figures/katana_mass_est-eps-converted-to.pdf  used on 
input line 476.
(pdftex.def)             Requested size: 169.0pt x 124.40176pt.
[19 <./Figures/katana_joints.png> <./Figures/katana_mass_est-eps-converted-to.p
df>] (./BlindedManuscript.bbl
Underfull \hbox (badness 4328) in paragraph at lines 39--46
[]\OT1/cmr/m/n/8 van der Burgh, M., Lunen-burg, J., Ap-pel-doorn, R., van Beek,
 L., Gei-js-
 []


Underfull \hbox (badness 2799) in paragraph at lines 39--46
\OT1/cmr/m/n/8 berts, J., Janssen, L., van Dooren, P., van Rooy, H., Ag-gar-wal
, A., Alek-
 []


Underfull \hbox (badness 10000) in paragraph at lines 39--46
\OT1/cmr/m/n/8 san-drov, S., Dang, K., Hofkamp, A., van Dinther, D., van de Mol
en-
 []


Underfull \hbox (badness 10000) in paragraph at lines 39--46
\OT1/cmr/m/n/8 graft, M.: Tech united eind-hoven @home2020 team de-scrip-tion p
a-per.
 []

[20]
Underfull \hbox (badness 1122) in paragraph at lines 149--152
[]\OT1/cmr/m/n/8 MathWorks-Students-Competitions-Team: De-sign-ing robot ma-nip
-u-la-tor al-go-rithms
 []


Underfull \hbox (badness 10000) in paragraph at lines 149--152
\OT1/cmr/m/n/8 (https://github.com/mathworks-robotics/designing-robot-manipulat
or-algorithms).
 []


Underfull \hbox (badness 10000) in paragraph at lines 154--158
\OT1/cmr/m/n/8 (https://github.com/mathworks-robotics/trajectory-planning-robot
-manipulators).
 []


Underfull \hbox (badness 6808) in paragraph at lines 160--170
[]\OT1/cmr/m/n/8 Memmesheimer, R., Mykhalchyshyna, I., Seib, V., Ev-ers, T., Pa
ulus, D.:
 []

[21]
Underfull \hbox (badness 2065) in paragraph at lines 264--267
[]\OT1/cmr/m/n/8 Wachsmuth, S., Holz, D., Rud-inac, M., Ruiz-del So-lar, J.: Ro
bocup@ home-
 []

[22])
Package atveryend Info: Empty hook `BeforeClearDocument' on input line 510.
 [23]
Package atveryend Info: Empty hook `AfterLastShipout' on input line 510.
 (./BlindedManuscript.aux)
Package atveryend Info: Executing hook `AtVeryEndDocument' on input line 510.
Package atveryend Info: Executing hook `AtEndAfterFileList' on input line 510.
Package rerunfilecheck Info: File `BlindedManuscript.out' has not changed.
(rerunfilecheck)             Checksum: 2E0AAA1C73BF0345C4627FF47953BA6D;370.


LaTeX Font Warning: Size substitutions with differences
(Font)              up to 1.0pt have occurred.


LaTeX Warning: There were multiply-defined labels.

Package atveryend Info: Empty hook `AtVeryVeryEnd' on input line 510.
 ) 
Here is how much of TeX's memory you used:
 8136 strings out of 492982
 122385 string characters out of 6134895
 213278 words of memory out of 5000000
 11463 multiletter control sequences out of 15000+600000
 10343 words of font info for 41 fonts, out of 8000000 for 9000
 1141 hyphenation exceptions out of 8191
 42i,11n,43p,1581b,488s stack positions out of 5000i,500n,10000p,200000b,80000s
</usr/share/texlive/texmf-dist/fonts/type1/public/amsfonts/cm/cmbx10.pfb></us
r/share/texlive/texmf-dist/fonts/type1/public/amsfonts/cm/cmbx12.pfb></usr/shar
e/texlive/texmf-dist/fonts/type1/public/amsfonts/cm/cmbx8.pfb></usr/share/texli
ve/texmf-dist/fonts/type1/public/amsfonts/cm/cmex10.pfb></usr/share/texlive/tex
mf-dist/fonts/type1/public/amsfonts/cm/cmmi10.pfb></usr/share/texlive/texmf-dis
t/fonts/type1/public/amsfonts/cm/cmmi5.pfb></usr/share/texlive/texmf-dist/fonts
/type1/public/amsfonts/cm/cmmi6.pfb></usr/share/texlive/texmf-dist/fonts/type1/
public/amsfonts/cm/cmmi7.pfb></usr/share/texlive/texmf-dist/fonts/type1/public/
amsfonts/cm/cmmi8.pfb></usr/share/texlive/texmf-dist/fonts/type1/public/amsfont
s/cm/cmr10.pfb></usr/share/texlive/texmf-dist/fonts/type1/public/amsfonts/cm/cm
r6.pfb></usr/share/texlive/texmf-dist/fonts/type1/public/amsfonts/cm/cmr7.pfb><
/usr/share/texlive/texmf-dist/fonts/type1/public/amsfonts/cm/cmr8.pfb></usr/sha
re/texlive/texmf-dist/fonts/type1/public/amsfonts/cm/cmsy10.pfb></usr/share/tex
live/texmf-dist/fonts/type1/public/amsfonts/cm/cmsy7.pfb></usr/share/texlive/te
xmf-dist/fonts/type1/public/amsfonts/cm/cmti10.pfb></usr/share/texlive/texmf-di
st/fonts/type1/public/amsfonts/cm/cmtt10.pfb></usr/share/texlive/texmf-dist/fon
ts/type1/public/amsfonts/cm/cmtt8.pfb></usr/share/texlive/texmf-dist/fonts/type
1/public/amsfonts/symbols/msbm10.pfb>
Output written on BlindedManuscript.pdf (23 pages, 3116335 bytes).
PDF statistics:
 738 PDF objects out of 1000 (max. 8388607)
 547 compressed objects within 6 object streams
 123 named destinations out of 1000 (max. 500000)
 247 words of extra memory for PDF output out of 10000 (max. 10000000)

